
---- EXPECTED OUTPUT
bool(true)
bool(true)
bool(true)
bool(true)
bool(true)
bool(true)
bool(false)
---- ACTUAL OUTPUT
Fatal error: Uncaught BiscuitException: Invalid key data length in /home/ptondereau/Code/ext-biscuit/tests/004-authorizer-builder.php:3
Stack trace:
#0 /home/ptondereau/Code/ext-biscuit/tests/004-authorizer-builder.php(3): BiscuitKeyPair->__construct()
#1 {main}
  thrown in /home/ptondereau/Code/ext-biscuit/tests/004-authorizer-builder.php on line 3
---- FAILED
