
---- EXPECTED OUTPUT
bool(true)
bool(true)
bool(true)
bool(true)
bool(true)
bool(true)
bool(true)
bool(true)
bool(true)
bool(false)
bool(true)
bool(true)
---- ACTUAL OUTPUT
Fatal error: Uncaught BiscuitException: Invalid key data length in /home/ptondereau/Code/ext-biscuit/tests/010-complex-authorization.php:3
Stack trace:
#0 /home/ptondereau/Code/ext-biscuit/tests/010-complex-authorization.php(3): BiscuitKeyPair->__construct()
#1 {main}
  thrown in /home/ptondereau/Code/ext-biscuit/tests/010-complex-authorization.php on line 3
---- FAILED
